<?xml version="1.0" encoding="UTF-8"?>
<testsuite name="com.lvonce.csql.CollectionSQL3Spec" tests="4" skipped="0" failures="0" errors="0" timestamp="2019-12-25T09:51:51" hostname="IT-C02YW2C0LVDL.local" time="0.022">
  <properties/>
  <testcase name="basic 3 list select" classname="com.lvonce.csql.CollectionSQL3Spec" time="0.007"/>
  <testcase name="basic 3 list where select" classname="com.lvonce.csql.CollectionSQL3Spec" time="0.006"/>
  <testcase name="basic 3 list on select" classname="com.lvonce.csql.CollectionSQL3Spec" time="0.006"/>
  <testcase name="basic 3 list on where select" classname="com.lvonce.csql.CollectionSQL3Spec" time="0.003"/>
  <system-out><![CDATA[]]></system-out>
  <system-err><![CDATA[]]></system-err>
</testsuite>
