<?xml version="1.0" encoding="UTF-8"?>
<testsuite name="com.lvonce.csql.CollectionSQL2Spec" tests="6" skipped="0" failures="0" errors="0" timestamp="2019-12-25T09:51:51" hostname="IT-C02YW2C0LVDL.local" time="0.072">
  <properties/>
  <testcase name="basic 2 list select, 1 empty" classname="com.lvonce.csql.CollectionSQL2Spec" time="0.053"/>
  <testcase name="basic 2 list select" classname="com.lvonce.csql.CollectionSQL2Spec" time="0.002"/>
  <testcase name="basic 2 list join where" classname="com.lvonce.csql.CollectionSQL2Spec" time="0.01"/>
  <testcase name="basic 2 list on where" classname="com.lvonce.csql.CollectionSQL2Spec" time="0.003"/>
  <testcase name="basic 3 list select" classname="com.lvonce.csql.CollectionSQL2Spec" time="0.002"/>
  <testcase name="basic 4 list select" classname="com.lvonce.csql.CollectionSQL2Spec" time="0.002"/>
  <system-out><![CDATA[]]></system-out>
  <system-err><![CDATA[]]></system-err>
</testsuite>
