<?xml version="1.0" encoding="UTF-8"?>
<testsuite name="com.lvonce.csql.CollectionSQL1Spec" tests="5" skipped="0" failures="0" errors="0" timestamp="2019-12-25T09:51:51" hostname="IT-C02YW2C0LVDL.local" time="0.023">
  <properties/>
  <testcase name="basic one list with only select" classname="com.lvonce.csql.CollectionSQL1Spec" time="0.008"/>
  <testcase name="basic one list select" classname="com.lvonce.csql.CollectionSQL1Spec" time="0.003"/>
  <testcase name="basic one list select with null val" classname="com.lvonce.csql.CollectionSQL1Spec" time="0.003"/>
  <testcase name="basic one list select with where " classname="com.lvonce.csql.CollectionSQL1Spec" time="0.005"/>
  <testcase name="basic one list select with on and where" classname="com.lvonce.csql.CollectionSQL1Spec" time="0.004"/>
  <system-out><![CDATA[]]></system-out>
  <system-err><![CDATA[]]></system-err>
</testsuite>
